Build started 18/03/2013 9:48:36.
     1>Project "C:\TEMP\PackageSourceDiscovery\src\Extension\NuGet.PackageSourceDiscovery.sln" on node 1 (default targets).
     1>ValidateSolutionConfiguration:
         Building solution configuration "Release|Any CPU".
     1>Project "C:\TEMP\PackageSourceDiscovery\src\Extension\NuGet.PackageSourceDiscovery.sln" (1) is building "C:\TEMP\PackageSourceDiscovery\src\Extension\NuGet.PackageSourceDiscovery.Extension\NuGet.PackageSourceDiscovery.Extension.csproj" (2) on node 1 (default targets).
     2>RestorePackages:
         "C:\TEMP\PackageSourceDiscovery\src\Extension\.nuget\nuget.exe" install "C:\TEMP\PackageSourceDiscovery\src\Extension\NuGet.PackageSourceDiscovery.Extension\packages.config" -source "http://www.myget.org/F/nuget-commandline/;https://nuget.org/api/v2/"  -RequireConsent -solutionDir "C:\TEMP\PackageSourceDiscovery\src\Extension\ "
     1>Project "C:\TEMP\PackageSourceDiscovery\src\Extension\NuGet.PackageSourceDiscovery.sln" (1) is building "C:\TEMP\PackageSourceDiscovery\src\Extension\NuGet.PackageSourceDiscovery.Extension.Tests\NuGet.PackageSourceDiscovery.Extension.Tests.csproj" (4) on node 2 (default targets).
     4>RestorePackages:
         "C:\TEMP\PackageSourceDiscovery\src\Extension\.nuget\nuget.exe" install "C:\TEMP\PackageSourceDiscovery\src\Extension\NuGet.PackageSourceDiscovery.Extension.Tests\packages.config" -source "http://www.myget.org/F/nuget-commandline/;https://nuget.org/api/v2/"  -RequireConsent -solutionDir "C:\TEMP\PackageSourceDiscovery\src\Extension\ "
     2>RestorePackages:
         All packages listed in packages.config are already installed.
       PrepareForBuild:
         Creating directory "bin\Release\".
         Creating directory "obj\Release\".
       CoreResGen:
         "C:\Program Files (x86)\Microsoft SDKs\Windows\v8.0A\bin\NETFX 4.0 Tools\resgen.exe" /useSourcePath /r:"C:\Program Files (x86)\Reference Assemblies\Microsoft\Framework\.NETFramework\v4.0\Microsoft.CSharp.dll" /r:"C:\Program Files (x86)\Reference Assemblies\Microsoft\Framework\.NETFramework\v4.0\mscorlib.dll" /r:C:\TEMP\PackageSourceDiscovery\src\Extension\packages\NuGet.CommandLine.2.3.0\tools\NuGet.exe /r:"C:\Program Files (x86)\Reference Assemblies\Microsoft\Framework\.NETFramework\v4.0\System.ComponentModel.Composition.dll" /r:"C:\Program Files (x86)\Reference Assemblies\Microsoft\Framework\.NETFramework\v4.0\System.Core.dll" /r:"C:\Program Files (x86)\Reference Assemblies\Microsoft\Framework\.NETFramework\v4.0\System.dll" /r:"C:\Program Files (x86)\Reference Assemblies\Microsoft\Framework\.NETFramework\v4.0\System.Xml.dll" /r:"C:\Program Files (x86)\Reference Assemblies\Microsoft\Framework\.NETFramework\v4.0\System.Xml.Linq.dll" /compile PsdResources.resx,obj\Release\NuGet.PsdResources.resources
         Processing resource file "PsdResources.resx" into "obj\Release\NuGet.PsdResources.resources".
       GenerateTargetFrameworkMonikerAttribute:
       Skipping target "GenerateTargetFrameworkMonikerAttribute" because all output files are up-to-date with respect to the input files.
       CoreCompile:
         C:\Windows\Microsoft.NET\Framework\v4.0.30319\Csc.exe /noconfig /nowarn:1701,1702 /nostdlib+ /platform:x86 /errorreport:prompt /warn:4 /define:TRACE /highentropyva- /reference:"C:\Program Files (x86)\Reference Assemblies\Microsoft\Framework\.NETFramework\v4.0\Microsoft.CSharp.dll" /reference:"C:\Program Files (x86)\Reference Assemblies\Microsoft\Framework\.NETFramework\v4.0\mscorlib.dll" /reference:C:\TEMP\PackageSourceDiscovery\src\Extension\packages\NuGet.CommandLine.2.3.0\tools\NuGet.exe /reference:"C:\Program Files (x86)\Reference Assemblies\Microsoft\Framework\.NETFramework\v4.0\System.ComponentModel.Composition.dll" /reference:"C:\Program Files (x86)\Reference Assemblies\Microsoft\Framework\.NETFramework\v4.0\System.Core.dll" /reference:"C:\Program Files (x86)\Reference Assemblies\Microsoft\Framework\.NETFramework\v4.0\System.dll" /reference:"C:\Program Files (x86)\Reference Assemblies\Microsoft\Framework\.NETFramework\v4.0\System.Xml.dll" /reference:"C:\Program Files (x86)\Reference Assemblies\Microsoft\Framework\.NETFramework\v4.0\System.Xml.Linq.dll" /debug:pdbonly /filealign:512 /optimize+ /out:obj\Release\NuGet.PackageSourceDiscovery.Extension.dll /resource:obj\Release\NuGet.PsdResources.resources /target:library /utf8output Commands\DiscoverCommand.cs PackageSourceDiscovery.cs PackageSourceDiscoveryConstants.cs PackageSourceDiscoveryDocument.cs PackageSourceEndpoint.cs Properties\AssemblyInfo.cs PsdResources.Designer.cs "C:\Users\Maarten\AppData\Local\Temp\.NETFramework,Version=v4.0.AssemblyAttributes.cs"
     4>RestorePackages:
         All packages listed in packages.config are already installed.
     2>_CopyFilesMarkedCopyLocal:
         Copying file from "C:\TEMP\PackageSourceDiscovery\src\Extension\packages\NuGet.CommandLine.2.3.0\tools\NuGet.exe" to "bin\Release\NuGet.exe".
       CopyFilesToOutputDirectory:
         Copying file from "obj\Release\NuGet.PackageSourceDiscovery.Extension.dll" to "bin\Release\NuGet.PackageSourceDiscovery.Extension.dll".
         NuGet.PackageSourceDiscovery.Extension -> C:\TEMP\PackageSourceDiscovery\src\Extension\NuGet.PackageSourceDiscovery.Extension\bin\Release\NuGet.PackageSourceDiscovery.Extension.dll
         Copying file from "obj\Release\NuGet.PackageSourceDiscovery.Extension.pdb" to "bin\Release\NuGet.PackageSourceDiscovery.Extension.pdb".
     2>Done Building Project "C:\TEMP\PackageSourceDiscovery\src\Extension\NuGet.PackageSourceDiscovery.Extension\NuGet.PackageSourceDiscovery.Extension.csproj" (default targets).
     4>GenerateTargetFrameworkMonikerAttribute:
       Skipping target "GenerateTargetFrameworkMonikerAttribute" because all output files are up-to-date with respect to the input files.
       CoreCompile:
         C:\Windows\Microsoft.NET\Framework\v4.0.30319\Csc.exe /noconfig /nowarn:1701,1702 /nostdlib+ /platform:x86 /errorreport:prompt /warn:4 /define:TRACE /highentropyva- /reference:"C:\Program Files (x86)\Reference Assemblies\Microsoft\Framework\.NETFramework\v4.0\Microsoft.CSharp.dll" /reference:C:\TEMP\PackageSourceDiscovery\src\Extension\packages\Moq.4.0.10827\lib\NET40\Moq.dll /reference:"C:\Program Files (x86)\Reference Assemblies\Microsoft\Framework\.NETFramework\v4.0\mscorlib.dll" /reference:C:\TEMP\PackageSourceDiscovery\src\Extension\packages\NuGet.CommandLine.2.3.0\tools\NuGet.exe /reference:C:\TEMP\PackageSourceDiscovery\src\Extension\NuGet.PackageSourceDiscovery.Extension\bin\Release\NuGet.PackageSourceDiscovery.Extension.dll /reference:"C:\Program Files (x86)\Reference Assemblies\Microsoft\Framework\.NETFramework\v4.0\System.Core.dll" /reference:"C:\Program Files (x86)\Reference Assemblies\Microsoft\Framework\.NETFramework\v4.0\System.dll" /reference:C:\TEMP\PackageSourceDiscovery\src\Extension\packages\xunit.1.9.1\lib\net20\xunit.dll /reference:C:\TEMP\PackageSourceDiscovery\src\Extension\packages\xunit.extensions.1.9.1\lib\net20\xunit.extensions.dll /debug:pdbonly /filealign:512 /optimize+ /out:obj\Release\NuGet.PackageSourceDiscovery.Extension.Tests.dll /target:library /utf8output Commands\DiscoverCommandMock.cs Commands\DiscoverCommandTest.cs ExceptionAssert.cs PackageSourceDiscoveryDocumentExtensionsTest.cs PackageSourceDiscoveryTest.cs Properties\AssemblyInfo.cs "C:\Users\Maarten\AppData\Local\Temp\.NETFramework,Version=v4.0.AssemblyAttributes.cs"
       _CopyFilesMarkedCopyLocal:
         Copying file from "C:\TEMP\PackageSourceDiscovery\src\Extension\NuGet.PackageSourceDiscovery.Extension\bin\Release\NuGet.PackageSourceDiscovery.Extension.dll" to "bin\Release\NuGet.PackageSourceDiscovery.Extension.dll".
         Copying file from "C:\TEMP\PackageSourceDiscovery\src\Extension\NuGet.PackageSourceDiscovery.Extension\bin\Release\NuGet.PackageSourceDiscovery.Extension.pdb" to "bin\Release\NuGet.PackageSourceDiscovery.Extension.pdb".
       CopyFilesToOutputDirectory:
         Copying file from "obj\Release\NuGet.PackageSourceDiscovery.Extension.Tests.dll" to "bin\Release\NuGet.PackageSourceDiscovery.Extension.Tests.dll".
         NuGet.PackageSourceDiscovery.Extension.Tests -> C:\TEMP\PackageSourceDiscovery\src\Extension\NuGet.PackageSourceDiscovery.Extension.Tests\bin\Release\NuGet.PackageSourceDiscovery.Extension.Tests.dll
         Copying file from "obj\Release\NuGet.PackageSourceDiscovery.Extension.Tests.pdb" to "bin\Release\NuGet.PackageSourceDiscovery.Extension.Tests.pdb".
     4>Done Building Project "C:\TEMP\PackageSourceDiscovery\src\Extension\NuGet.PackageSourceDiscovery.Extension.Tests\NuGet.PackageSourceDiscovery.Extension.Tests.csproj" (default targets).
     1>Done Building Project "C:\TEMP\PackageSourceDiscovery\src\Extension\NuGet.PackageSourceDiscovery.sln" (default targets).

Build succeeded.
    0 Warning(s)
    0 Error(s)

Time Elapsed 00:00:00.68
